# JRE version: Java(TM) SE Runtime Environment (8.0_144-b01) (build 1.8.0_144-b01)
# Java VM: Java HotSpot(TM) 64-Bit Server VM (25.144-b01 mixed mode linux-amd64 compressed oops)
Heap:
 PSYoungGen      total 47104K, used 37256K [0x00000000ec180000, 0x00000000f2700000, 0x0000000100000000)
  eden space 23040K, 58% used [0x00000000ec180000,0x00000000eceb0de8,0x00000000ed800000)
  from space 24064K, 98% used [0x00000000ed880000,0x00000000eefb1480,0x00000000ef000000)
  to   space 40448K, 0% used [0x00000000eff80000,0x00000000eff80000,0x00000000f2700000)
 ParOldGen       total 72192K, used 39939K [0x00000000c4400000, 0x00000000c8a80000, 0x00000000ec180000)
  object space 72192K, 55% used [0x00000000c4400000,0x00000000c6b00df0,0x00000000c8a80000)
 Metaspace       used 19905K, capacity 20162K, committed 20608K, reserved 1067008K
  class space    used 2249K, capacity 2351K, committed 2432K, reserved 1048576K
GC Heap History (10 events):
Event: 1970,671 GC heap before
{Heap before GC invocations=12 (full 1):
 PSYoungGen      total 65536K, used 35071K [0x00000000ec180000, 0x00000000f2a80000, 0x0000000100000000)
  eden space 27648K, 89% used [0x00000000ec180000,0x00000000ed989bf0,0x00000000edc80000)
  from space 37888K, 27% used [0x00000000f0580000,0x00000000f0fb61a0,0x00000000f2a80000)
  to   space 39936K, 0% used [0x00000000edc80000,0x00000000edc80000,0x00000000f0380000)
 ParOldGen       total 72192K, used 27153K [0x00000000c4400000, 0x00000000c8a80000, 0x00000000ec180000)
  object space 72192K, 37% used [0x00000000c4400000,0x00000000c5e84730,0x00000000c8a80000)
 Metaspace       used 19816K, capacity 20034K, committed 20352K, reserved 1067008K
  class space    used 2247K, capacity 2351K, committed 2432K, reserved 1048576K
Event: 1970,692 GC heap after
Heap after GC invocations=12 (full 1):
 PSYoungGen      total 44032K, used 16503K [0x00000000ec180000, 0x00000000f2600000, 0x0000000100000000)
  eden space 27136K, 0% used [0x00000000ec180000,0x00000000ec180000,0x00000000edc00000)
  from space 16896K, 97% used [0x00000000edc80000,0x00000000eec9dd90,0x00000000eed00000)
  to   space 37888K, 0% used [0x00000000f0100000,0x00000000f0100000,0x00000000f2600000)
 ParOldGen       total 72192K, used 30128K [0x00000000c4400000, 0x00000000c8a80000, 0x00000000ec180000)
  object space 72192K, 41% used [0x00000000c4400000,0x00000000c616c168,0x00000000c8a80000)
 Metaspace       used 19816K, capacity 20034K, committed 20352K, reserved 1067008K
  class space    used 2247K, capacity 2351K, committed 2432K, reserved 1048576K
}
Event: 1977,352 GC heap before
{Heap before GC invocations=13 (full 1):
 PSYoungGen      total 44032K, used 43639K [0x00000000ec180000, 0x00000000f2600000, 0x0000000100000000)
  eden space 27136K, 100% used [0x00000000ec180000,0x00000000edc00000,0x00000000edc00000)
  from space 16896K, 97% used [0x00000000edc80000,0x00000000eec9dd90,0x00000000eed00000)
  to   space 37888K, 0% used [0x00000000f0100000,0x00000000f0100000,0x00000000f2600000)
 ParOldGen       total 72192K, used 30128K [0x00000000c4400000, 0x00000000c8a80000, 0x00000000ec180000)
  object space 72192K, 41% used [0x00000000c4400000,0x00000000c616c168,0x00000000c8a80000)
 Metaspace       used 19826K, capacity 20034K, committed 20352K, reserved 1067008K
  class space    used 2247K, capacity 2351K, committed 2432K, reserved 1048576K
Event: 1977,362 GC heap after
Heap after GC invocations=13 (full 1):
 PSYoungGen      total 62464K, used 29045K [0x00000000ec180000, 0x00000000f2a80000, 0x0000000100000000)
  eden space 24576K, 0% used [0x00000000ec180000,0x00000000ec180000,0x00000000ed980000)
  from space 37888K, 76% used [0x00000000f0100000,0x00000000f1d5d670,0x00000000f2600000)
  to   space 40448K, 0% used [0x00000000ed980000,0x00000000ed980000,0x00000000f0100000)
 ParOldGen       total 72192K, used 35827K [0x00000000c4400000, 0x00000000c8a80000, 0x00000000ec180000)
  object space 72192K, 49% used [0x00000000c4400000,0x00000000c66fcea8,0x00000000c8a80000)
 Metaspace       used 19826K, capacity 20034K, committed 20352K, reserved 1067008K
  class space    used 2247K, capacity 2351K, committed 2432K, reserved 1048576K
}
Event: 1990,836 GC heap before
{Heap before GC invocations=14 (full 1):
 PSYoungGen      total 62464K, used 50409K [0x00000000ec180000, 0x00000000f2a80000, 0x0000000100000000)
  eden space 24576K, 86% used [0x00000000ec180000,0x00000000ed65cfa8,0x00000000ed980000)
  from space 37888K, 76% used [0x00000000f0100000,0x00000000f1d5d670,0x00000000f2600000)
  to   space 40448K, 0% used [0x00000000ed980000,0x00000000ed980000,0x00000000f0100000)
 ParOldGen       total 72192K, used 35827K [0x00000000c4400000, 0x00000000c8a80000, 0x00000000ec180000)
  object space 72192K, 49% used [0x00000000c4400000,0x00000000c66fcea8,0x00000000c8a80000)
 Metaspace       used 19866K, capacity 20098K, committed 20352K, reserved 1067008K
  class space    used 2247K, capacity 2351K, committed 2432K, reserved 1048576K
Event: 1990,846 GC heap after
Heap after GC invocations=14 (full 1):
 PSYoungGen      total 45056K, used 20855K [0x00000000ec180000, 0x00000000f2700000, 0x0000000100000000)
  eden space 24064K, 0% used [0x00000000ec180000,0x00000000ec180000,0x00000000ed900000)
  from space 20992K, 99% used [0x00000000ed980000,0x00000000eedddc88,0x00000000eee00000)
  to   space 39936K, 0% used [0x00000000f0000000,0x00000000f0000000,0x00000000f2700000)
 ParOldGen       total 72192K, used 39891K [0x00000000c4400000, 0x00000000c8a80000, 0x00000000ec180000)
  object space 72192K, 55% used [0x00000000c4400000,0x00000000c6af4fa8,0x00000000c8a80000)
 Metaspace       used 19866K, capacity 20098K, committed 20352K, reserved 1067008K
  class space    used 2247K, capacity 2351K, committed 2432K, reserved 1048576K
}
Event: 4092,664 GC heap before
{Heap before GC invocations=15 (full 1):
 PSYoungGen      total 45056K, used 43877K [0x00000000ec180000, 0x00000000f2700000, 0x0000000100000000)
  eden space 24064K, 95% used [0x00000000ec180000,0x00000000ed7fb9f8,0x00000000ed900000)
  from space 20992K, 99% used [0x00000000ed980000,0x00000000eedddc88,0x00000000eee00000)
  to   space 39936K, 0% used [0x00000000f0000000,0x00000000f0000000,0x00000000f2700000)
 ParOldGen       total 72192K, used 39891K [0x00000000c4400000, 0x00000000c8a80000, 0x00000000ec180000)
  object space 72192K, 55% used [0x00000000c4400000,0x00000000c6af4fa8,0x00000000c8a80000)
 Metaspace       used 19878K, capacity 20098K, committed 20352K, reserved 1067008K
  class space    used 2247K, capacity 2351K, committed 2432K, reserved 1048576K
Event: 4092,675 GC heap after
Heap after GC invocations=15 (full 1):
 PSYoungGen      total 63488K, used 25411K [0x00000000ec180000, 0x00000000f2780000, 0x0000000100000000)
  eden space 23552K, 0% used [0x00000000ec180000,0x00000000ec180000,0x00000000ed880000)
  from space 39936K, 63% used [0x00000000f0000000,0x00000000f18d0d38,0x00000000f2700000)
  to   space 40448K, 0% used [0x00000000ed880000,0x00000000ed880000,0x00000000f0000000)
 ParOldGen       total 72192K, used 39931K [0x00000000c4400000, 0x00000000c8a80000, 0x00000000ec180000)
  object space 72192K, 55% used [0x00000000c4400000,0x00000000c6afedf0,0x00000000c8a80000)
 Metaspace       used 19878K, capacity 20098K, committed 20352K, reserved 1067008K
  class space    used 2247K, capacity 2351K, committed 2432K, reserved 1048576K
}
Event: 8260,963 GC heap before
{Heap before GC invocations=16 (full 1):
 PSYoungGen      total 63488K, used 47447K [0x00000000ec180000, 0x00000000f2780000, 0x0000000100000000)
  eden space 23552K, 93% used [0x00000000ec180000,0x00000000ed7050f0,0x00000000ed880000)
  from space 39936K, 63% used [0x00000000f0000000,0x00000000f18d0d38,0x00000000f2700000)
  to   space 40448K, 0% used [0x00000000ed880000,0x00000000ed880000,0x00000000f0000000)
 ParOldGen       total 72192K, used 39931K [0x00000000c4400000, 0x00000000c8a80000, 0x00000000ec180000)
  object space 72192K, 55% used [0x00000000c4400000,0x00000000c6afedf0,0x00000000c8a80000)
 Metaspace       used 19893K, capacity 20162K, committed 20608K, reserved 1067008K
  class space    used 2247K, capacity 2351K, committed 2432K, reserved 1048576K
Event: 8261,107 GC heap after
Heap after GC invocations=16 (full 1):
 PSYoungGen      total 47104K, used 23749K [0x00000000ec180000, 0x00000000f2700000, 0x0000000100000000)
  eden space 23040K, 0% used [0x00000000ec180000,0x00000000ec180000,0x00000000ed800000)
  from space 24064K, 98% used [0x00000000ed880000,0x00000000eefb1480,0x00000000ef000000)
  to   space 40448K, 0% used [0x00000000eff80000,0x00000000eff80000,0x00000000f2700000)
 ParOldGen       total 72192K, used 39939K [0x00000000c4400000, 0x00000000c8a80000, 0x00000000ec180000)
  object space 72192K, 55% used [0x00000000c4400000,0x00000000c6b00df0,0x00000000c8a80000)
 Metaspace       used 19893K, capacity 20162K, committed 20608K, reserved 1067008K
  class space    used 2247K, capacity 2351K, committed 2432K, reserved 1048576K
}

