# JRE version: Java(TM) SE Runtime Environment (8.0_144-b01) (build 1.8.0_144-b01)
# Java VM: Java HotSpot(TM) 64-Bit Server VM (25.144-b01 mixed mode linux-amd64 compressed oops)
Heap:
 PSYoungGen      total 25088K, used 21162K [0x00000000ec180000, 0x00000000ef400000, 0x0000000100000000)
  eden space 16896K, 77% used [0x00000000ec180000,0x00000000ece53d18,0x00000000ed200000)
  from space 8192K, 97% used [0x00000000ed200000,0x00000000ed9d6dc8,0x00000000eda00000)
  to   space 17408K, 0% used [0x00000000ee300000,0x00000000ee300000,0x00000000ef400000)
 ParOldGen       total 43520K, used 21378K [0x00000000c4400000, 0x00000000c6e80000, 0x00000000ec180000)
  object space 43520K, 49% used [0x00000000c4400000,0x00000000c58e09e0,0x00000000c6e80000)
 Metaspace       used 20037K, capacity 20298K, committed 20608K, reserved 1067008K
  class space    used 2266K, capacity 2355K, committed 2432K, reserved 1048576K
GC Heap History (10 events):
Event: 1250,863 GC heap before
{Heap before GC invocations=16 (full 1):
 PSYoungGen      total 27648K, used 20545K [0x00000000ec180000, 0x00000000eec80000, 0x0000000100000000)
  eden space 13312K, 100% used [0x00000000ec180000,0x00000000ece80000,0x00000000ece80000)
  from space 14336K, 50% used [0x00000000ede80000,0x00000000ee590600,0x00000000eec80000)
  to   space 15360K, 0% used [0x00000000ece80000,0x00000000ece80000,0x00000000edd80000)
 ParOldGen       total 43520K, used 15965K [0x00000000c4400000, 0x00000000c6e80000, 0x00000000ec180000)
  object space 43520K, 36% used [0x00000000c4400000,0x00000000c5397680,0x00000000c6e80000)
 Metaspace       used 19960K, capacity 20234K, committed 20608K, reserved 1067008K
  class space    used 2265K, capacity 2355K, committed 2432K, reserved 1048576K
Event: 1250,885 GC heap after
Heap after GC invocations=16 (full 1):
 PSYoungGen      total 28672K, used 14213K [0x00000000ec180000, 0x00000000ef080000, 0x0000000100000000)
  eden space 13312K, 0% used [0x00000000ec180000,0x00000000ec180000,0x00000000ece80000)
  from space 15360K, 92% used [0x00000000ece80000,0x00000000edc61780,0x00000000edd80000)
  to   space 17408K, 0% used [0x00000000edf80000,0x00000000edf80000,0x00000000ef080000)
 ParOldGen       total 43520K, used 16846K [0x00000000c4400000, 0x00000000c6e80000, 0x00000000ec180000)
  object space 43520K, 38% used [0x00000000c4400000,0x00000000c5473880,0x00000000c6e80000)
 Metaspace       used 19960K, capacity 20234K, committed 20608K, reserved 1067008K
  class space    used 2265K, capacity 2355K, committed 2432K, reserved 1048576K
}
Event: 1251,672 GC heap before
{Heap before GC invocations=17 (full 1):
 PSYoungGen      total 28672K, used 27298K [0x00000000ec180000, 0x00000000ef080000, 0x0000000100000000)
  eden space 13312K, 98% used [0x00000000ec180000,0x00000000ece470a8,0x00000000ece80000)
  from space 15360K, 92% used [0x00000000ece80000,0x00000000edc61780,0x00000000edd80000)
  to   space 17408K, 0% used [0x00000000edf80000,0x00000000edf80000,0x00000000ef080000)
 ParOldGen       total 43520K, used 16846K [0x00000000c4400000, 0x00000000c6e80000, 0x00000000ec180000)
  object space 43520K, 38% used [0x00000000c4400000,0x00000000c5473880,0x00000000c6e80000)
 Metaspace       used 19987K, capacity 20298K, committed 20608K, reserved 1067008K
  class space    used 2265K, capacity 2355K, committed 2432K, reserved 1048576K
Event: 1251,707 GC heap after
Heap after GC invocations=17 (full 1):
 PSYoungGen      total 29184K, used 14722K [0x00000000ec180000, 0x00000000efb80000, 0x0000000100000000)
  eden space 11776K, 0% used [0x00000000ec180000,0x00000000ec180000,0x00000000ecd00000)
  from space 17408K, 84% used [0x00000000edf80000,0x00000000eede09c8,0x00000000ef080000)
  to   space 18944K, 0% used [0x00000000ecd00000,0x00000000ecd00000,0x00000000edf80000)
 ParOldGen       total 43520K, used 18320K [0x00000000c4400000, 0x00000000c6e80000, 0x00000000ec180000)
  object space 43520K, 42% used [0x00000000c4400000,0x00000000c55e40b0,0x00000000c6e80000)
 Metaspace       used 19987K, capacity 20298K, committed 20608K, reserved 1067008K
  class space    used 2265K, capacity 2355K, committed 2432K, reserved 1048576K
}
Event: 1253,615 GC heap before
{Heap before GC invocations=18 (full 1):
 PSYoungGen      total 29184K, used 26403K [0x00000000ec180000, 0x00000000efb80000, 0x0000000100000000)
  eden space 11776K, 99% used [0x00000000ec180000,0x00000000ecce82c8,0x00000000ecd00000)
  from space 17408K, 84% used [0x00000000edf80000,0x00000000eede09c8,0x00000000ef080000)
  to   space 18944K, 0% used [0x00000000ecd00000,0x00000000ecd00000,0x00000000edf80000)
 ParOldGen       total 43520K, used 18320K [0x00000000c4400000, 0x00000000c6e80000, 0x00000000ec180000)
  object space 43520K, 42% used [0x00000000c4400000,0x00000000c55e40b0,0x00000000c6e80000)
 Metaspace       used 20002K, capacity 20298K, committed 20608K, reserved 1067008K
  class space    used 2265K, capacity 2355K, committed 2432K, reserved 1048576K
Event: 1253,623 GC heap after
Heap after GC invocations=18 (full 1):
 PSYoungGen      total 30720K, used 10874K [0x00000000ec180000, 0x00000000ef700000, 0x0000000100000000)
  eden space 11776K, 0% used [0x00000000ec180000,0x00000000ec180000,0x00000000ecd00000)
  from space 18944K, 57% used [0x00000000ecd00000,0x00000000ed79eb28,0x00000000edf80000)
  to   space 18944K, 0% used [0x00000000ee480000,0x00000000ee480000,0x00000000ef700000)
 ParOldGen       total 43520K, used 20064K [0x00000000c4400000, 0x00000000c6e80000, 0x00000000ec180000)
  object space 43520K, 46% used [0x00000000c4400000,0x00000000c5798250,0x00000000c6e80000)
 Metaspace       used 20002K, capacity 20298K, committed 20608K, reserved 1067008K
  class space    used 2265K, capacity 2355K, committed 2432K, reserved 1048576K
}
Event: 1257,636 GC heap before
{Heap before GC invocations=19 (full 1):
 PSYoungGen      total 30720K, used 22423K [0x00000000ec180000, 0x00000000ef700000, 0x0000000100000000)
  eden space 11776K, 98% used [0x00000000ec180000,0x00000000eccc7478,0x00000000ecd00000)
  from space 18944K, 57% used [0x00000000ecd00000,0x00000000ed79eb28,0x00000000edf80000)
  to   space 18944K, 0% used [0x00000000ee480000,0x00000000ee480000,0x00000000ef700000)
 ParOldGen       total 43520K, used 20064K [0x00000000c4400000, 0x00000000c6e80000, 0x00000000ec180000)
  object space 43520K, 46% used [0x00000000c4400000,0x00000000c5798250,0x00000000c6e80000)
 Metaspace       used 20027K, capacity 20298K, committed 20608K, reserved 1067008K
  class space    used 2265K, capacity 2355K, committed 2432K, reserved 1048576K
Event: 1257,651 GC heap after
Heap after GC invocations=19 (full 1):
 PSYoungGen      total 34816K, used 6981K [0x00000000ec180000, 0x00000000ef600000, 0x0000000100000000)
  eden space 16896K, 0% used [0x00000000ec180000,0x00000000ec180000,0x00000000ed200000)
  from space 17920K, 38% used [0x00000000ee480000,0x00000000eeb51600,0x00000000ef600000)
  to   space 18432K, 0% used [0x00000000ed200000,0x00000000ed200000,0x00000000ee400000)
 ParOldGen       total 43520K, used 20794K [0x00000000c4400000, 0x00000000c6e80000, 0x00000000ec180000)
  object space 43520K, 47% used [0x00000000c4400000,0x00000000c584e990,0x00000000c6e80000)
 Metaspace       used 20027K, capacity 20298K, committed 20608K, reserved 1067008K
  class space    used 2265K, capacity 2355K, committed 2432K, reserved 1048576K
}
Event: 1313,605 GC heap before
{Heap before GC invocations=20 (full 1):
 PSYoungGen      total 34816K, used 23063K [0x00000000ec180000, 0x00000000ef600000, 0x0000000100000000)
  eden space 16896K, 95% used [0x00000000ec180000,0x00000000ed134820,0x00000000ed200000)
  from space 17920K, 38% used [0x00000000ee480000,0x00000000eeb51600,0x00000000ef600000)
  to   space 18432K, 0% used [0x00000000ed200000,0x00000000ed200000,0x00000000ee400000)
 ParOldGen       total 43520K, used 20794K [0x00000000c4400000, 0x00000000c6e80000, 0x00000000ec180000)
  object space 43520K, 47% used [0x00000000c4400000,0x00000000c584e990,0x00000000c6e80000)
 Metaspace       used 20031K, capacity 20298K, committed 20608K, reserved 1067008K
  class space    used 2265K, capacity 2355K, committed 2432K, reserved 1048576K
Event: 1313,609 GC heap after
Heap after GC invocations=20 (full 1):
 PSYoungGen      total 25088K, used 8027K [0x00000000ec180000, 0x00000000ef400000, 0x0000000100000000)
  eden space 16896K, 0% used [0x00000000ec180000,0x00000000ec180000,0x00000000ed200000)
  from space 8192K, 97% used [0x00000000ed200000,0x00000000ed9d6dc8,0x00000000eda00000)
  to   space 17408K, 0% used [0x00000000ee300000,0x00000000ee300000,0x00000000ef400000)
 ParOldGen       total 43520K, used 21378K [0x00000000c4400000, 0x00000000c6e80000, 0x00000000ec180000)
  object space 43520K, 49% used [0x00000000c4400000,0x00000000c58e09e0,0x00000000c6e80000)
 Metaspace       used 20031K, capacity 20298K, committed 20608K, reserved 1067008K
  class space    used 2265K, capacity 2355K, committed 2432K, reserved 1048576K
}

